

::Warning::
Transfer Status: Scripting dependent object drops
The object 'dbo.CreateTerrain' not being transfered is dependent on the table 'dbo.Area' being transfered.

::Warning::
Transfer Status: Scripting dependent object drops
The object 'dbo.EnumTerrainInSquare' not being transfered is dependent on the table 'dbo.Area' being transfered.

::Warning::
Transfer Status: Scripting dependent object drops
The object 'dbo.GetTerrain' not being transfered is dependent on the table 'dbo.Area' being transfered.

::Warning::
Transfer Status: Scripting dependent object drops
The object 'dbo.CreateWieldable' not being transfered is dependent on the table 'dbo.EnumDamageType' being transfered.

::Warning::
Transfer Status: Scripting dependent object drops
The object 'dbo.CreateEquipable' not being transfered is dependent on the table 'dbo.EnumItemDurability' being transfered.

::Warning::
Transfer Status: Scripting dependent object drops
The object 'dbo.CreateJunk' not being transfered is dependent on the table 'dbo.EnumItemDurability' being transfered.

::Warning::
Transfer Status: Scripting dependent object drops
The object 'dbo.CreateReadable' not being transfered is dependent on the table 'dbo.EnumItemDurability' being transfered.

::Warning::
Transfer Status: Scripting dependent object drops
The object 'dbo.CreateWieldable' not being transfered is dependent on the table 'dbo.EnumItemDurability' being transfered.

::Warning::
Transfer Status: Scripting dependent object drops
The object 'dbo.CreateCharacter' not being transfered is dependent on the table 'dbo.EnumMobileSize' being transfered.

::Warning::
Transfer Status: Scripting dependent object drops
The object 'dbo.CreateMobile' not being transfered is dependent on the table 'dbo.EnumMobileSize' being transfered.

::Warning::
Transfer Status: Scripting dependent object drops
The object 'dbo.CreateCharacter' not being transfered is dependent on the table 'dbo.EnumMobileState' being transfered.

::Warning::
Transfer Status: Scripting dependent object drops
The object 'dbo.CreateMobile' not being transfered is dependent on the table 'dbo.EnumMobileState' being transfered.

::Warning::
Transfer Status: Scripting dependent object drops
The object 'dbo.CreateCharacter' not being transfered is dependent on the table 'dbo.EnumRace' being transfered.

::Warning::
Transfer Status: Scripting dependent object drops
The object 'dbo.CreateMobile' not being transfered is dependent on the table 'dbo.EnumRace' being transfered.

::Warning::
Transfer Status: Scripting dependent object drops
The object 'dbo.CreateCharacter' not being transfered is dependent on the table 'dbo.EnumSex' being transfered.

::Warning::
Transfer Status: Scripting dependent object drops
The object 'dbo.CreateMobile' not being transfered is dependent on the table 'dbo.EnumSex' being transfered.

::Warning::
Transfer Status: Scripting dependent object drops
The object 'dbo.CreateTerrain' not being transfered is dependent on the table 'dbo.EnumTerrainType' being transfered.

::Warning::
Transfer Status: Scripting dependent object drops
The object 'dbo.EnumTerrainInSquare' not being transfered is dependent on the table 'dbo.EnumTerrainType' being transfered.

::Warning::
Transfer Status: Scripting dependent object drops
The object 'dbo.GetTerrain' not being transfered is dependent on the table 'dbo.EnumTerrainType' being transfered.

::Warning::
Transfer Status: Scripting dependent object drops
The object 'dbo.CreateWieldable' not being transfered is dependent on the table 'dbo.EnumWeaponSize' being transfered.

::Warning::
Transfer Status: Scripting dependent object drops
The object 'dbo.CreateEquipable' not being transfered is dependent on the table 'dbo.EnumWearLocation' being transfered.

::Warning::
Transfer Status: Scripting dependent object drops
The object 'dbo.CreateCharacter' not being transfered is dependent on the table 'dbo.MobilePossesableByPlayer' being transfered.

::Warning::
Transfer Status: Scripting dependent object drops
The object 'dbo.CreateCharacter' not being transfered is dependent on the table 'dbo.ObjectInstance' being transfered.

::Warning::
Transfer Status: Scripting dependent object drops
The object 'dbo.CreateEquipable' not being transfered is dependent on the table 'dbo.ObjectInstance' being transfered.

::Warning::
Transfer Status: Scripting dependent object drops
The object 'dbo.CreateGroupsTable' not being transfered is dependent on the table 'dbo.ObjectInstance' being transfered.

::Warning::
Transfer Status: Scripting dependent object drops
The object 'dbo.CreateJunk' not being transfered is dependent on the table 'dbo.ObjectInstance' being transfered.

::Warning::
Transfer Status: Scripting dependent object drops
The object 'dbo.CreateMirror' not being transfered is dependent on the table 'dbo.ObjectInstance' being transfered.

::Warning::
Transfer Status: Scripting dependent object drops
The object 'dbo.CreateMobile' not being transfered is dependent on the table 'dbo.ObjectInstance' being transfered.

::Warning::
Transfer Status: Scripting dependent object drops
The object 'dbo.CreateReadable' not being transfered is dependent on the table 'dbo.ObjectInstance' being transfered.

::Warning::
Transfer Status: Scripting dependent object drops
The object 'dbo.CreateTerrain' not being transfered is dependent on the table 'dbo.ObjectInstance' being transfered.

::Warning::
Transfer Status: Scripting dependent object drops
The object 'dbo.CreateWieldable' not being transfered is dependent on the table 'dbo.ObjectInstance' being transfered.

::Warning::
Transfer Status: Scripting dependent object drops
The object 'dbo.EnumTerrainInSquare' not being transfered is dependent on the table 'dbo.ObjectInstance' being transfered.

::Warning::
Transfer Status: Scripting dependent object drops
The object 'dbo.GetTerrain' not being transfered is dependent on the table 'dbo.ObjectInstance' being transfered.

::Warning::
Transfer Status: Scripting dependent object drops
The object 'dbo.LowerTerrain' not being transfered is dependent on the table 'dbo.ObjectInstance' being transfered.

::Warning::
Transfer Status: Scripting dependent object drops
The object 'dbo.RaiseTerrain' not being transfered is dependent on the table 'dbo.ObjectInstance' being transfered.

::Warning::
Transfer Status: Scripting dependent object drops
The object 'dbo.RotateTerrain' not being transfered is dependent on the table 'dbo.ObjectInstance' being transfered.

::Warning::
Transfer Status: Scripting dependent object drops
The object 'dbo.UpdateTerrain' not being transfered is dependent on the table 'dbo.ObjectInstance' being transfered.

::Warning::
Transfer Status: Scripting dependent object drops
The object 'dbo.TerrainSquareDetails' not being transfered is dependent on the table 'dbo.ObjectInstance' being transfered.

::Warning::
Transfer Status: Scripting dependent object drops
The object 'dbo.PO_AddAnnouncement' not being transfered is dependent on the table 'dbo.PO_Announcements' being transfered.

::Warning::
Transfer Status: Scripting dependent object drops
The object 'dbo.PO_DeleteAnnouncement' not being transfered is dependent on the table 'dbo.PO_Announcements' being transfered.

::Warning::
Transfer Status: Scripting dependent object drops
The object 'dbo.PO_GetAnnouncements' not being transfered is dependent on the table 'dbo.PO_Announcements' being transfered.

::Warning::
Transfer Status: Scripting dependent object drops
The object 'dbo.PO_GetSingleAnnouncement' not being transfered is dependent on the table 'dbo.PO_Announcements' being transfered.

::Warning::
Transfer Status: Scripting dependent object drops
The object 'dbo.PO_UpdateAnnouncement' not being transfered is dependent on the table 'dbo.PO_Announcements' being transfered.

::Warning::
Transfer Status: Scripting dependent object drops
The object 'dbo.PO_AddContact' not being transfered is dependent on the table 'dbo.PO_Contacts' being transfered.

::Warning::
Transfer Status: Scripting dependent object drops
The object 'dbo.PO_DeleteContact' not being transfered is dependent on the table 'dbo.PO_Contacts' being transfered.

::Warning::
Transfer Status: Scripting dependent object drops
The object 'dbo.PO_GetContacts' not being transfered is dependent on the table 'dbo.PO_Contacts' being transfered.

::Warning::
Transfer Status: Scripting dependent object drops
The object 'dbo.PO_GetSingleContact' not being transfered is dependent on the table 'dbo.PO_Contacts' being transfered.

::Warning::
Transfer Status: Scripting dependent object drops
The object 'dbo.PO_UpdateContact' not being transfered is dependent on the table 'dbo.PO_Contacts' being transfered.

::Warning::
Transfer Status: Scripting dependent object drops
The object 'dbo.PO_AddMessage' not being transfered is dependent on the table 'dbo.PO_Discussion' being transfered.

::Warning::
Transfer Status: Scripting dependent object drops
The object 'dbo.PO_GetNextMessageID' not being transfered is dependent on the table 'dbo.PO_Discussion' being transfered.

::Warning::
Transfer Status: Scripting dependent object drops
The object 'dbo.PO_GetPrevMessageID' not being transfered is dependent on the table 'dbo.PO_Discussion' being transfered.

::Warning::
Transfer Status: Scripting dependent object drops
The object 'dbo.PO_GetThreadMessages' not being transfered is dependent on the table 'dbo.PO_Discussion' being transfered.

::Warning::
Transfer Status: Scripting dependent object drops
The object 'dbo.PO_GetTopLevelMessages' not being transfered is dependent on the table 'dbo.PO_Discussion' being transfered.

::Warning::
Transfer Status: Scripting dependent object drops
The object 'dbo.PO_GetSingleMessage' not being transfered is dependent on the table 'dbo.PO_Discussion' being transfered.

::Warning::
Transfer Status: Scripting dependent object drops
The object 'dbo.PO_DeleteDocument' not being transfered is dependent on the table 'dbo.PO_Documents' being transfered.

::Warning::
Transfer Status: Scripting dependent object drops
The object 'dbo.PO_GetDocumentContent' not being transfered is dependent on the table 'dbo.PO_Documents' being transfered.

::Warning::
Transfer Status: Scripting dependent object drops
The object 'dbo.PO_GetDocuments' not being transfered is dependent on the table 'dbo.PO_Documents' being transfered.

::Warning::
Transfer Status: Scripting dependent object drops
The object 'dbo.PO_GetSingleDocument' not being transfered is dependent on the table 'dbo.PO_Documents' being transfered.

::Warning::
Transfer Status: Scripting dependent object drops
The object 'dbo.PO_UpdateDocument' not being transfered is dependent on the table 'dbo.PO_Documents' being transfered.

::Warning::
Transfer Status: Scripting dependent object drops
The object 'dbo.PO_AddEvent' not being transfered is dependent on the table 'dbo.PO_Events' being transfered.

::Warning::
Transfer Status: Scripting dependent object drops
The object 'dbo.PO_DeleteEvent' not being transfered is dependent on the table 'dbo.PO_Events' being transfered.

::Warning::
Transfer Status: Scripting dependent object drops
The object 'dbo.PO_GetEvents' not being transfered is dependent on the table 'dbo.PO_Events' being transfered.

::Warning::
Transfer Status: Scripting dependent object drops
The object 'dbo.PO_GetSingleEvent' not being transfered is dependent on the table 'dbo.PO_Events' being transfered.

::Warning::
Transfer Status: Scripting dependent object drops
The object 'dbo.PO_UpdateEvent' not being transfered is dependent on the table 'dbo.PO_Events' being transfered.

::Warning::
Transfer Status: Scripting dependent object drops
The object 'dbo.PO_GetHtmlText' not being transfered is dependent on the table 'dbo.PO_HtmlText' being transfered.

::Warning::
Transfer Status: Scripting dependent object drops
The object 'dbo.PO_UpdateHtmlText' not being transfered is dependent on the table 'dbo.PO_HtmlText' being transfered.

::Warning::
Transfer Status: Scripting dependent object drops
The object 'dbo.PO_AddLink' not being transfered is dependent on the table 'dbo.PO_Links' being transfered.

::Warning::
Transfer Status: Scripting dependent object drops
The object 'dbo.PO_DeleteLink' not being transfered is dependent on the table 'dbo.PO_Links' being transfered.

::Warning::
Transfer Status: Scripting dependent object drops
The object 'dbo.PO_GetLinks' not being transfered is dependent on the table 'dbo.PO_Links' being transfered.

::Warning::
Transfer Status: Scripting dependent object drops
The object 'dbo.PO_GetSingleLink' not being transfered is dependent on the table 'dbo.PO_Links' being transfered.

::Warning::
Transfer Status: Scripting dependent object drops
The object 'dbo.PO_UpdateLink' not being transfered is dependent on the table 'dbo.PO_Links' being transfered.

::Warning::
Transfer Status: Scripting dependent object drops
The object 'dbo.PO_AddAnnouncement' not being transfered is dependent on the table 'dbo.PO_ModuleDefinitions' being transfered.

::Warning::
Transfer Status: Scripting dependent object drops
The object 'dbo.PO_AddContact' not being transfered is dependent on the table 'dbo.PO_ModuleDefinitions' being transfered.

::Warning::
Transfer Status: Scripting dependent object drops
The object 'dbo.PO_AddEvent' not being transfered is dependent on the table 'dbo.PO_ModuleDefinitions' being transfered.

::Warning::
Transfer Status: Scripting dependent object drops
The object 'dbo.PO_AddLink' not being transfered is dependent on the table 'dbo.PO_ModuleDefinitions' being transfered.

::Warning::
Transfer Status: Scripting dependent object drops
The object 'dbo.PO_AddMessage' not being transfered is dependent on the table 'dbo.PO_ModuleDefinitions' being transfered.

::Warning::
Transfer Status: Scripting dependent object drops
The object 'dbo.PO_AddModule' not being transfered is dependent on the table 'dbo.PO_ModuleDefinitions' being transfered.

::Warning::
Transfer Status: Scripting dependent object drops
The object 'dbo.PO_AddModuleDefinition' not being transfered is dependent on the table 'dbo.PO_ModuleDefinitions' being transfered.

::Warning::
Transfer Status: Scripting dependent object drops
The object 'dbo.PO_DeleteAnnouncement' not being transfered is dependent on the table 'dbo.PO_ModuleDefinitions' being transfered.

::Warning::
Transfer Status: Scripting dependent object drops
The object 'dbo.PO_DeleteContact' not being transfered is dependent on the table 'dbo.PO_ModuleDefinitions' being transfered.

::Warning::
Transfer Status: Scripting dependent object drops
The object 'dbo.PO_DeleteDocument' not being transfered is dependent on the table 'dbo.PO_ModuleDefinitions' being transfered.

::Warning::
Transfer Status: Scripting dependent object drops
The object 'dbo.PO_DeleteEvent' not being transfered is dependent on the table 'dbo.PO_ModuleDefinitions' being transfered.

::Warning::
Transfer Status: Scripting dependent object drops
The object 'dbo.PO_DeleteLink' not being transfered is dependent on the table 'dbo.PO_ModuleDefinitions' being transfered.

::Warning::
Transfer Status: Scripting dependent object drops
The object 'dbo.PO_DeleteModule' not being transfered is dependent on the table 'dbo.PO_ModuleDefinitions' being transfered.

::Warning::
Transfer Status: Scripting dependent object drops
The object 'dbo.PO_DeleteModuleDefinition' not being transfered is dependent on the table 'dbo.PO_ModuleDefinitions' being transfered.

::Warning::
Transfer Status: Scripting dependent object drops
The object 'dbo.PO_GetAnnouncements' not being transfered is dependent on the table 'dbo.PO_ModuleDefinitions' being transfered.

::Warning::
Transfer Status: Scripting dependent object drops
The object 'dbo.PO_GetAuthRoles' not being transfered is dependent on the table 'dbo.PO_ModuleDefinitions' being transfered.

::Warning::
Transfer Status: Scripting dependent object drops
The object 'dbo.PO_GetContacts' not being transfered is dependent on the table 'dbo.PO_ModuleDefinitions' being transfered.

::Warning::
Transfer Status: Scripting dependent object drops
The object 'dbo.PO_GetDocumentContent' not being transfered is dependent on the table 'dbo.PO_ModuleDefinitions' being transfered.

::Warning::
Transfer Status: Scripting dependent object drops
The object 'dbo.PO_GetDocuments' not being transfered is dependent on the table 'dbo.PO_ModuleDefinitions' being transfered.

::Warning::
Transfer Status: Scripting dependent object drops
The object 'dbo.PO_GetEvents' not being transfered is dependent on the table 'dbo.PO_ModuleDefinitions' being transfered.

::Warning::
Transfer Status: Scripting dependent object drops
The object 'dbo.PO_GetHtmlText' not being transfered is dependent on the table 'dbo.PO_ModuleDefinitions' being transfered.

::Warning::
Transfer Status: Scripting dependent object drops
The object 'dbo.PO_GetLinks' not being transfered is dependent on the table 'dbo.PO_ModuleDefinitions' being transfered.

::Warning::
Transfer Status: Scripting dependent object drops
The object 'dbo.PO_GetModuleDefinitions' not being transfered is dependent on the table 'dbo.PO_ModuleDefinitions' being transfered.

::Warning::
Transfer Status: Scripting dependent object drops
The object 'dbo.PO_GetModuleSettings' not being transfered is dependent on the table 'dbo.PO_ModuleDefinitions' being transfered.

::Warning::
Transfer Status: Scripting dependent object drops
The object 'dbo.PO_GetNextMessageID' not being transfered is dependent on the table 'dbo.PO_ModuleDefinitions' being transfered.

::Warning::
Transfer Status: Scripting dependent object drops
The object 'dbo.PO_GetPortalSettings' not being transfered is dependent on the table 'dbo.PO_ModuleDefinitions' being transfered.

::Warning::
Transfer Status: Scripting dependent object drops
The object 'dbo.PO_GetPrevMessageID' not being transfered is dependent on the table 'dbo.PO_ModuleDefinitions' being transfered.

::Warning::
Transfer Status: Scripting dependent object drops
The object 'dbo.PO_GetSingleAnnouncement' not being transfered is dependent on the table 'dbo.PO_ModuleDefinitions' being transfered.

::Warning::
Transfer Status: Scripting dependent object drops
The object 'dbo.PO_GetSingleContact' not being transfered is dependent on the table 'dbo.PO_ModuleDefinitions' being transfered.

::Warning::
Transfer Status: Scripting dependent object drops
The object 'dbo.PO_GetSingleDocument' not being transfered is dependent on the table 'dbo.PO_ModuleDefinitions' being transfered.

::Warning::
Transfer Status: Scripting dependent object drops
The object 'dbo.PO_GetSingleEvent' not being transfered is dependent on the table 'dbo.PO_ModuleDefinitions' being transfered.

::Warning::
Transfer Status: Scripting dependent object drops
The object 'dbo.PO_GetSingleLink' not being transfered is dependent on the table 'dbo.PO_ModuleDefinitions' being transfered.

::Warning::
Transfer Status: Scripting dependent object drops
The object 'dbo.PO_GetSingleModuleDefinition' not being transfered is dependent on the table 'dbo.PO_ModuleDefinitions' being transfered.

::Warning::
Transfer Status: Scripting dependent object drops
The object 'dbo.PO_GetThreadMessages' not being transfered is dependent on the table 'dbo.PO_ModuleDefinitions' being transfered.

::Warning::
Transfer Status: Scripting dependent object drops
The object 'dbo.PO_GetTopLevelMessages' not being transfered is dependent on the table 'dbo.PO_ModuleDefinitions' being transfered.

::Warning::
Transfer Status: Scripting dependent object drops
The object 'dbo.PO_UpdateAnnouncement' not being transfered is dependent on the table 'dbo.PO_ModuleDefinitions' being transfered.

::Warning::
Transfer Status: Scripting dependent object drops
The object 'dbo.PO_UpdateContact' not being transfered is dependent on the table 'dbo.PO_ModuleDefinitions' being transfered.

::Warning::
Transfer Status: Scripting dependent object drops
The object 'dbo.PO_UpdateDocument' not being transfered is dependent on the table 'dbo.PO_ModuleDefinitions' being transfered.

::Warning::
Transfer Status: Scripting dependent object drops
The object 'dbo.PO_UpdateEvent' not being transfered is dependent on the table 'dbo.PO_ModuleDefinitions' being transfered.

::Warning::
Transfer Status: Scripting dependent object drops
The object 'dbo.PO_UpdateHtmlText' not being transfered is dependent on the table 'dbo.PO_ModuleDefinitions' being transfered.

::Warning::
Transfer Status: Scripting dependent object drops
The object 'dbo.PO_UpdateLink' not being transfered is dependent on the table 'dbo.PO_ModuleDefinitions' being transfered.

::Warning::
Transfer Status: Scripting dependent object drops
The object 'dbo.PO_UpdateModule' not being transfered is dependent on the table 'dbo.PO_ModuleDefinitions' being transfered.

::Warning::
Transfer Status: Scripting dependent object drops
The object 'dbo.PO_UpdateModuleDefinition' not being transfered is dependent on the table 'dbo.PO_ModuleDefinitions' being transfered.

::Warning::
Transfer Status: Scripting dependent object drops
The object 'dbo.PO_UpdateModuleOrder' not being transfered is dependent on the table 'dbo.PO_ModuleDefinitions' being transfered.

::Warning::
Transfer Status: Scripting dependent object drops
The object 'dbo.PO_UpdateModuleSetting' not being transfered is dependent on the table 'dbo.PO_ModuleDefinitions' being transfered.

::Warning::
Transfer Status: Scripting dependent object drops
The object 'dbo.PO_GetSingleMessage' not being transfered is dependent on the table 'dbo.PO_ModuleDefinitions' being transfered.

::Warning::
Transfer Status: Scripting dependent object drops
The object 'dbo.PO_GetModuleSettings' not being transfered is dependent on the table 'dbo.PO_ModuleSettings' being transfered.

::Warning::
Transfer Status: Scripting dependent object drops
The object 'dbo.PO_UpdateModuleSetting' not being transfered is dependent on the table 'dbo.PO_ModuleSettings' being transfered.

::Warning::
Transfer Status: Scripting dependent object drops
The object 'dbo.PO_AddAnnouncement' not being transfered is dependent on the table 'dbo.PO_Modules' being transfered.

::Warning::
Transfer Status: Scripting dependent object drops
The object 'dbo.PO_AddContact' not being transfered is dependent on the table 'dbo.PO_Modules' being transfered.

::Warning::
Transfer Status: Scripting dependent object drops
The object 'dbo.PO_AddEvent' not being transfered is dependent on the table 'dbo.PO_Modules' being transfered.

::Warning::
Transfer Status: Scripting dependent object drops
The object 'dbo.PO_AddLink' not being transfered is dependent on the table 'dbo.PO_Modules' being transfered.

::Warning::
Transfer Status: Scripting dependent object drops
The object 'dbo.PO_AddMessage' not being transfered is dependent on the table 'dbo.PO_Modules' being transfered.

::Warning::
Transfer Status: Scripting dependent object drops
The object 'dbo.PO_AddModule' not being transfered is dependent on the table 'dbo.PO_Modules' being transfered.

::Warning::
Transfer Status: Scripting dependent object drops
The object 'dbo.PO_DeleteAnnouncement' not being transfered is dependent on the table 'dbo.PO_Modules' being transfered.

::Warning::
Transfer Status: Scripting dependent object drops
The object 'dbo.PO_DeleteContact' not being transfered is dependent on the table 'dbo.PO_Modules' being transfered.

::Warning::
Transfer Status: Scripting dependent object drops
The object 'dbo.PO_DeleteDocument' not being transfered is dependent on the table 'dbo.PO_Modules' being transfered.

::Warning::
Transfer Status: Scripting dependent object drops
The object 'dbo.PO_DeleteEvent' not being transfered is dependent on the table 'dbo.PO_Modules' being transfered.

::Warning::
Transfer Status: Scripting dependent object drops
The object 'dbo.PO_DeleteLink' not being transfered is dependent on the table 'dbo.PO_Modules' being transfered.

::Warning::
Transfer Status: Scripting dependent object drops
The object 'dbo.PO_DeleteModule' not being transfered is dependent on the table 'dbo.PO_Modules' being transfered.

::Warning::
Transfer Status: Scripting dependent object drops
The object 'dbo.PO_GetAnnouncements' not being transfered is dependent on the table 'dbo.PO_Modules' being transfered.

::Warning::
Transfer Status: Scripting dependent object drops
The object 'dbo.PO_GetAuthRoles' not being transfered is dependent on the table 'dbo.PO_Modules' being transfered.

::Warning::
Transfer Status: Scripting dependent object drops
The object 'dbo.PO_GetContacts' not being transfered is dependent on the table 'dbo.PO_Modules' being transfered.

::Warning::
Transfer Status: Scripting dependent object drops
The object 'dbo.PO_GetDocumentContent' not being transfered is dependent on the table 'dbo.PO_Modules' being transfered.

::Warning::
Transfer Status: Scripting dependent object drops
The object 'dbo.PO_GetDocuments' not being transfered is dependent on the table 'dbo.PO_Modules' being transfered.

::Warning::
Transfer Status: Scripting dependent object drops
The object 'dbo.PO_GetEvents' not being transfered is dependent on the table 'dbo.PO_Modules' being transfered.

::Warning::
Transfer Status: Scripting dependent object drops
The object 'dbo.PO_GetHtmlText' not being transfered is dependent on the table 'dbo.PO_Modules' being transfered.

::Warning::
Transfer Status: Scripting dependent object drops
The object 'dbo.PO_GetLinks' not being transfered is dependent on the table 'dbo.PO_Modules' being transfered.

::Warning::
Transfer Status: Scripting dependent object drops
The object 'dbo.PO_GetModuleSettings' not being transfered is dependent on the table 'dbo.PO_Modules' being transfered.

::Warning::
Transfer Status: Scripting dependent object drops
The object 'dbo.PO_GetNextMessageID' not being transfered is dependent on the table 'dbo.PO_Modules' being transfered.

::Warning::
Transfer Status: Scripting dependent object drops
The object 'dbo.PO_GetPortalSettings' not being transfered is dependent on the table 'dbo.PO_Modules' being transfered.

::Warning::
Transfer Status: Scripting dependent object drops
The object 'dbo.PO_GetPrevMessageID' not being transfered is dependent on the table 'dbo.PO_Modules' being transfered.

::Warning::
Transfer Status: Scripting dependent object drops
The object 'dbo.PO_GetSingleAnnouncement' not being transfered is dependent on the table 'dbo.PO_Modules' being transfered.

::Warning::
Transfer Status: Scripting dependent object drops
The object 'dbo.PO_GetSingleContact' not being transfered is dependent on the table 'dbo.PO_Modules' being transfered.

::Warning::
Transfer Status: Scripting dependent object drops
The object 'dbo.PO_GetSingleDocument' not being transfered is dependent on the table 'dbo.PO_Modules' being transfered.

::Warning::
Transfer Status: Scripting dependent object drops
The object 'dbo.PO_GetSingleEvent' not being transfered is dependent on the table 'dbo.PO_Modules' being transfered.

::Warning::
Transfer Status: Scripting dependent object drops
The object 'dbo.PO_GetSingleLink' not being transfered is dependent on the table 'dbo.PO_Modules' being transfered.

::Warning::
Transfer Status: Scripting dependent object drops
The object 'dbo.PO_GetThreadMessages' not being transfered is dependent on the table 'dbo.PO_Modules' being transfered.

::Warning::
Transfer Status: Scripting dependent object drops
The object 'dbo.PO_GetTopLevelMessages' not being transfered is dependent on the table 'dbo.PO_Modules' being transfered.

::Warning::
Transfer Status: Scripting dependent object drops
The object 'dbo.PO_UpdateAnnouncement' not being transfered is dependent on the table 'dbo.PO_Modules' being transfered.

::Warning::
Transfer Status: Scripting dependent object drops
The object 'dbo.PO_UpdateContact' not being transfered is dependent on the table 'dbo.PO_Modules' being transfered.

::Warning::
Transfer Status: Scripting dependent object drops
The object 'dbo.PO_UpdateDocument' not being transfered is dependent on the table 'dbo.PO_Modules' being transfered.

::Warning::
Transfer Status: Scripting dependent object drops
The object 'dbo.PO_UpdateEvent' not being transfered is dependent on the table 'dbo.PO_Modules' being transfered.

::Warning::
Transfer Status: Scripting dependent object drops
The object 'dbo.PO_UpdateHtmlText' not being transfered is dependent on the table 'dbo.PO_Modules' being transfered.

::Warning::
Transfer Status: Scripting dependent object drops
The object 'dbo.PO_UpdateLink' not being transfered is dependent on the table 'dbo.PO_Modules' being transfered.

::Warning::
Transfer Status: Scripting dependent object drops
The object 'dbo.PO_UpdateModule' not being transfered is dependent on the table 'dbo.PO_Modules' being transfered.

::Warning::
Transfer Status: Scripting dependent object drops
The object 'dbo.PO_UpdateModuleOrder' not being transfered is dependent on the table 'dbo.PO_Modules' being transfered.

::Warning::
Transfer Status: Scripting dependent object drops
The object 'dbo.PO_UpdateModuleSetting' not being transfered is dependent on the table 'dbo.PO_Modules' being transfered.

::Warning::
Transfer Status: Scripting dependent object drops
The object 'dbo.PO_GetSingleMessage' not being transfered is dependent on the table 'dbo.PO_Modules' being transfered.

::Warning::
Transfer Status: Scripting dependent object drops
The object 'dbo.PO_AddAnnouncement' not being transfered is dependent on the table 'dbo.PO_Portals' being transfered.

::Warning::
Transfer Status: Scripting dependent object drops
The object 'dbo.PO_AddContact' not being transfered is dependent on the table 'dbo.PO_Portals' being transfered.

::Warning::
Transfer Status: Scripting dependent object drops
The object 'dbo.PO_AddEvent' not being transfered is dependent on the table 'dbo.PO_Portals' being transfered.

::Warning::
Transfer Status: Scripting dependent object drops
The object 'dbo.PO_AddLink' not being transfered is dependent on the table 'dbo.PO_Portals' being transfered.

::Warning::
Transfer Status: Scripting dependent object drops
The object 'dbo.PO_AddMessage' not being transfered is dependent on the table 'dbo.PO_Portals' being transfered.

::Warning::
Transfer Status: Scripting dependent object drops
The object 'dbo.PO_AddModule' not being transfered is dependent on the table 'dbo.PO_Portals' being transfered.

::Warning::
Transfer Status: Scripting dependent object drops
The object 'dbo.PO_AddRole' not being transfered is dependent on the table 'dbo.PO_Portals' being transfered.

::Warning::
Transfer Status: Scripting dependent object drops
The object 'dbo.PO_AddTab' not being transfered is dependent on the table 'dbo.PO_Portals' being transfered.

::Warning::
Transfer Status: Scripting dependent object drops
The object 'dbo.PO_AddUserRole' not being transfered is dependent on the table 'dbo.PO_Portals' being transfered.

::Warning::
Transfer Status: Scripting dependent object drops
The object 'dbo.PO_DeleteAnnouncement' not being transfered is dependent on the table 'dbo.PO_Portals' being transfered.

::Warning::
Transfer Status: Scripting dependent object drops
The object 'dbo.PO_DeleteContact' not being transfered is dependent on the table 'dbo.PO_Portals' being transfered.

::Warning::
Transfer Status: Scripting dependent object drops
The object 'dbo.PO_DeleteDocument' not being transfered is dependent on the table 'dbo.PO_Portals' being transfered.

::Warning::
Transfer Status: Scripting dependent object drops
The object 'dbo.PO_DeleteEvent' not being transfered is dependent on the table 'dbo.PO_Portals' being transfered.

::Warning::
Transfer Status: Scripting dependent object drops
The object 'dbo.PO_DeleteLink' not being transfered is dependent on the table 'dbo.PO_Portals' being transfered.

::Warning::
Transfer Status: Scripting dependent object drops
The object 'dbo.PO_DeleteModule' not being transfered is dependent on the table 'dbo.PO_Portals' being transfered.

::Warning::
Transfer Status: Scripting dependent object drops
The object 'dbo.PO_DeleteRole' not being transfered is dependent on the table 'dbo.PO_Portals' being transfered.

::Warning::
Transfer Status: Scripting dependent object drops
The object 'dbo.PO_DeleteTab' not being transfered is dependent on the table 'dbo.PO_Portals' being transfered.

::Warning::
Transfer Status: Scripting dependent object drops
The object 'dbo.PO_DeleteUserRole' not being transfered is dependent on the table 'dbo.PO_Portals' being transfered.

::Warning::
Transfer Status: Scripting dependent object drops
The object 'dbo.PO_GetAnnouncements' not being transfered is dependent on the table 'dbo.PO_Portals' being transfered.

::Warning::
Transfer Status: Scripting dependent object drops
The object 'dbo.PO_GetAuthRoles' not being transfered is dependent on the table 'dbo.PO_Portals' being transfered.

::Warning::
Transfer Status: Scripting dependent object drops
The object 'dbo.PO_GetContacts' not being transfered is dependent on the table 'dbo.PO_Portals' being transfered.

::Warning::
Transfer Status: Scripting dependent object drops
The object 'dbo.PO_GetDocumentContent' not being transfered is dependent on the table 'dbo.PO_Portals' being transfered.

::Warning::
Transfer Status: Scripting dependent object drops
The object 'dbo.PO_GetDocuments' not being transfered is dependent on the table 'dbo.PO_Portals' being transfered.

::Warning::
Transfer Status: Scripting dependent object drops
The object 'dbo.PO_GetEvents' not being transfered is dependent on the table 'dbo.PO_Portals' being transfered.

::Warning::
Transfer Status: Scripting dependent object drops
The object 'dbo.PO_GetHtmlText' not being transfered is dependent on the table 'dbo.PO_Portals' being transfered.

::Warning::
Transfer Status: Scripting dependent object drops
The object 'dbo.PO_GetLinks' not being transfered is dependent on the table 'dbo.PO_Portals' being transfered.

::Warning::
Transfer Status: Scripting dependent object drops
The object 'dbo.PO_GetModuleSettings' not being transfered is dependent on the table 'dbo.PO_Portals' being transfered.

::Warning::
Transfer Status: Scripting dependent object drops
The object 'dbo.PO_GetNextMessageID' not being transfered is dependent on the table 'dbo.PO_Portals' being transfered.

::Warning::
Transfer Status: Scripting dependent object drops
The object 'dbo.PO_GetPortalRoles' not being transfered is dependent on the table 'dbo.PO_Portals' being transfered.

::Warning::
Transfer Status: Scripting dependent object drops
The object 'dbo.PO_GetPortalSettings' not being transfered is dependent on the table 'dbo.PO_Portals' being transfered.

::Warning::
Transfer Status: Scripting dependent object drops
The object 'dbo.PO_GetPrevMessageID' not being transfered is dependent on the table 'dbo.PO_Portals' being transfered.

::Warning::
Transfer Status: Scripting dependent object drops
The object 'dbo.PO_GetRoleMembership' not being transfered is dependent on the table 'dbo.PO_Portals' being transfered.

::Warning::
Transfer Status: Scripting dependent object drops
The object 'dbo.PO_GetRolesByUser' not being transfered is dependent on the table 'dbo.PO_Portals' being transfered.

::Warning::
Transfer Status: Scripting dependent object drops
The object 'dbo.PO_GetSingleAnnouncement' not being transfered is dependent on the table 'dbo.PO_Portals' being transfered.

::Warning::
Transfer Status: Scripting dependent object drops
The object 'dbo.PO_GetSingleContact' not being transfered is dependent on the table 'dbo.PO_Portals' being transfered.

::Warning::
Transfer Status: Scripting dependent object drops
The object 'dbo.PO_GetSingleDocument' not being transfered is dependent on the table 'dbo.PO_Portals' being transfered.

::Warning::
Transfer Status: Scripting dependent object drops
The object 'dbo.PO_GetSingleEvent' not being transfered is dependent on the table 'dbo.PO_Portals' being transfered.

::Warning::
Transfer Status: Scripting dependent object drops
The object 'dbo.PO_GetSingleLink' not being transfered is dependent on the table 'dbo.PO_Portals' being transfered.

::Warning::
Transfer Status: Scripting dependent object drops
The object 'dbo.PO_GetSingleRole' not being transfered is dependent on the table 'dbo.PO_Portals' being transfered.

::Warning::
Transfer Status: Scripting dependent object drops
The object 'dbo.PO_GetThreadMessages' not being transfered is dependent on the table 'dbo.PO_Portals' being transfered.

::Warning::
Transfer Status: Scripting dependent object drops
The object 'dbo.PO_GetTopLevelMessages' not being transfered is dependent on the table 'dbo.PO_Portals' being transfered.

::Warning::
Transfer Status: Scripting dependent object drops
The object 'dbo.PO_UpdateAnnouncement' not being transfered is dependent on the table 'dbo.PO_Portals' being transfered.

::Warning::
Transfer Status: Scripting dependent object drops
The object 'dbo.PO_UpdateContact' not being transfered is dependent on the table 'dbo.PO_Portals' being transfered.

::Warning::
Transfer Status: Scripting dependent object drops
The object 'dbo.PO_UpdateDocument' not being transfered is dependent on the table 'dbo.PO_Portals' being transfered.

::Warning::
Transfer Status: Scripting dependent object drops
The object 'dbo.PO_UpdateEvent' not being transfered is dependent on the table 'dbo.PO_Portals' being transfered.

::Warning::
Transfer Status: Scripting dependent object drops
The object 'dbo.PO_UpdateHtmlText' not being transfered is dependent on the table 'dbo.PO_Portals' being transfered.

::Warning::
Transfer Status: Scripting dependent object drops
The object 'dbo.PO_UpdateLink' not being transfered is dependent on the table 'dbo.PO_Portals' being transfered.

::Warning::
Transfer Status: Scripting dependent object drops
The object 'dbo.PO_UpdateModule' not being transfered is dependent on the table 'dbo.PO_Portals' being transfered.

::Warning::
Transfer Status: Scripting dependent object drops
The object 'dbo.PO_UpdateModuleOrder' not being transfered is dependent on the table 'dbo.PO_Portals' being transfered.

::Warning::
Transfer Status: Scripting dependent object drops
The object 'dbo.PO_UpdateModuleSetting' not being transfered is dependent on the table 'dbo.PO_Portals' being transfered.

::Warning::
Transfer Status: Scripting dependent object drops
The object 'dbo.PO_UpdatePortalInfo' not being transfered is dependent on the table 'dbo.PO_Portals' being transfered.

::Warning::
Transfer Status: Scripting dependent object drops
The object 'dbo.PO_UpdateRole' not being transfered is dependent on the table 'dbo.PO_Portals' being transfered.

::Warning::
Transfer Status: Scripting dependent object drops
The object 'dbo.PO_UpdateTab' not being transfered is dependent on the table 'dbo.PO_Portals' being transfered.

::Warning::
Transfer Status: Scripting dependent object drops
The object 'dbo.PO_UpdateTabOrder' not being transfered is dependent on the table 'dbo.PO_Portals' being transfered.

::Warning::
Transfer Status: Scripting dependent object drops
The object 'dbo.PO_GetSingleMessage' not being transfered is dependent on the table 'dbo.PO_Portals' being transfered.

::Warning::
Transfer Status: Scripting dependent object drops
The object 'dbo.PO_AddRole' not being transfered is dependent on the table 'dbo.PO_Roles' being transfered.

::Warning::
Transfer Status: Scripting dependent object drops
The object 'dbo.PO_AddUserRole' not being transfered is dependent on the table 'dbo.PO_Roles' being transfered.

::Warning::
Transfer Status: Scripting dependent object drops
The object 'dbo.PO_DeleteRole' not being transfered is dependent on the table 'dbo.PO_Roles' being transfered.

::Warning::
Transfer Status: Scripting dependent object drops
The object 'dbo.PO_DeleteUserRole' not being transfered is dependent on the table 'dbo.PO_Roles' being transfered.

::Warning::
Transfer Status: Scripting dependent object drops
The object 'dbo.PO_GetPortalRoles' not being transfered is dependent on the table 'dbo.PO_Roles' being transfered.

::Warning::
Transfer Status: Scripting dependent object drops
The object 'dbo.PO_GetRoleMembership' not being transfered is dependent on the table 'dbo.PO_Roles' being transfered.

::Warning::
Transfer Status: Scripting dependent object drops
The object 'dbo.PO_GetRolesByUser' not being transfered is dependent on the table 'dbo.PO_Roles' being transfered.

::Warning::
Transfer Status: Scripting dependent object drops
The object 'dbo.PO_GetSingleRole' not being transfered is dependent on the table 'dbo.PO_Roles' being transfered.

::Warning::
Transfer Status: Scripting dependent object drops
The object 'dbo.PO_UpdateRole' not being transfered is dependent on the table 'dbo.PO_Roles' being transfered.

::Warning::
Transfer Status: Scripting dependent object drops
The object 'dbo.PO_AddAnnouncement' not being transfered is dependent on the table 'dbo.PO_Tabs' being transfered.

::Warning::
Transfer Status: Scripting dependent object drops
The object 'dbo.PO_AddContact' not being transfered is dependent on the table 'dbo.PO_Tabs' being transfered.

::Warning::
Transfer Status: Scripting dependent object drops
The object 'dbo.PO_AddEvent' not being transfered is dependent on the table 'dbo.PO_Tabs' being transfered.

::Warning::
Transfer Status: Scripting dependent object drops
The object 'dbo.PO_AddLink' not being transfered is dependent on the table 'dbo.PO_Tabs' being transfered.

::Warning::
Transfer Status: Scripting dependent object drops
The object 'dbo.PO_AddMessage' not being transfered is dependent on the table 'dbo.PO_Tabs' being transfered.

::Warning::
Transfer Status: Scripting dependent object drops
The object 'dbo.PO_AddModule' not being transfered is dependent on the table 'dbo.PO_Tabs' being transfered.

::Warning::
Transfer Status: Scripting dependent object drops
The object 'dbo.PO_AddTab' not being transfered is dependent on the table 'dbo.PO_Tabs' being transfered.

::Warning::
Transfer Status: Scripting dependent object drops
The object 'dbo.PO_DeleteAnnouncement' not being transfered is dependent on the table 'dbo.PO_Tabs' being transfered.

::Warning::
Transfer Status: Scripting dependent object drops
The object 'dbo.PO_DeleteContact' not being transfered is dependent on the table 'dbo.PO_Tabs' being transfered.

::Warning::
Transfer Status: Scripting dependent object drops
The object 'dbo.PO_DeleteDocument' not being transfered is dependent on the table 'dbo.PO_Tabs' being transfered.

::Warning::
Transfer Status: Scripting dependent object drops
The object 'dbo.PO_DeleteEvent' not being transfered is dependent on the table 'dbo.PO_Tabs' being transfered.

::Warning::
Transfer Status: Scripting dependent object drops
The object 'dbo.PO_DeleteLink' not being transfered is dependent on the table 'dbo.PO_Tabs' being transfered.

::Warning::
Transfer Status: Scripting dependent object drops
The object 'dbo.PO_DeleteModule' not being transfered is dependent on the table 'dbo.PO_Tabs' being transfered.

::Warning::
Transfer Status: Scripting dependent object drops
The object 'dbo.PO_DeleteTab' not being transfered is dependent on the table 'dbo.PO_Tabs' being transfered.

::Warning::
Transfer Status: Scripting dependent object drops
The object 'dbo.PO_GetAnnouncements' not being transfered is dependent on the table 'dbo.PO_Tabs' being transfered.

::Warning::
Transfer Status: Scripting dependent object drops
The object 'dbo.PO_GetAuthRoles' not being transfered is dependent on the table 'dbo.PO_Tabs' being transfered.

::Warning::
Transfer Status: Scripting dependent object drops
The object 'dbo.PO_GetContacts' not being transfered is dependent on the table 'dbo.PO_Tabs' being transfered.

::Warning::
Transfer Status: Scripting dependent object drops
The object 'dbo.PO_GetDocumentContent' not being transfered is dependent on the table 'dbo.PO_Tabs' being transfered.

::Warning::
Transfer Status: Scripting dependent object drops
The object 'dbo.PO_GetDocuments' not being transfered is dependent on the table 'dbo.PO_Tabs' being transfered.

::Warning::
Transfer Status: Scripting dependent object drops
The object 'dbo.PO_GetEvents' not being transfered is dependent on the table 'dbo.PO_Tabs' being transfered.

::Warning::
Transfer Status: Scripting dependent object drops
The object 'dbo.PO_GetHtmlText' not being transfered is dependent on the table 'dbo.PO_Tabs' being transfered.

::Warning::
Transfer Status: Scripting dependent object drops
The object 'dbo.PO_GetLinks' not being transfered is dependent on the table 'dbo.PO_Tabs' being transfered.

::Warning::
Transfer Status: Scripting dependent object drops
The object 'dbo.PO_GetModuleSettings' not being transfered is dependent on the table 'dbo.PO_Tabs' being transfered.

::Warning::
Transfer Status: Scripting dependent object drops
The object 'dbo.PO_GetNextMessageID' not being transfered is dependent on the table 'dbo.PO_Tabs' being transfered.

::Warning::
Transfer Status: Scripting dependent object drops
The object 'dbo.PO_GetPortalSettings' not being transfered is dependent on the table 'dbo.PO_Tabs' being transfered.

::Warning::
Transfer Status: Scripting dependent object drops
The object 'dbo.PO_GetPrevMessageID' not being transfered is dependent on the table 'dbo.PO_Tabs' being transfered.

::Warning::
Transfer Status: Scripting dependent object drops
The object 'dbo.PO_GetSingleAnnouncement' not being transfered is dependent on the table 'dbo.PO_Tabs' being transfered.

::Warning::
Transfer Status: Scripting dependent object drops
The object 'dbo.PO_GetSingleContact' not being transfered is dependent on the table 'dbo.PO_Tabs' being transfered.

::Warning::
Transfer Status: Scripting dependent object drops
The object 'dbo.PO_GetSingleDocument' not being transfered is dependent on the table 'dbo.PO_Tabs' being transfered.

::Warning::
Transfer Status: Scripting dependent object drops
The object 'dbo.PO_GetSingleEvent' not being transfered is dependent on the table 'dbo.PO_Tabs' being transfered.

::Warning::
Transfer Status: Scripting dependent object drops
The object 'dbo.PO_GetSingleLink' not being transfered is dependent on the table 'dbo.PO_Tabs' being transfered.

::Warning::
Transfer Status: Scripting dependent object drops
The object 'dbo.PO_GetThreadMessages' not being transfered is dependent on the table 'dbo.PO_Tabs' being transfered.

::Warning::
Transfer Status: Scripting dependent object drops
The object 'dbo.PO_GetTopLevelMessages' not being transfered is dependent on the table 'dbo.PO_Tabs' being transfered.

::Warning::
Transfer Status: Scripting dependent object drops
The object 'dbo.PO_UpdateAnnouncement' not being transfered is dependent on the table 'dbo.PO_Tabs' being transfered.

::Warning::
Transfer Status: Scripting dependent object drops
The object 'dbo.PO_UpdateContact' not being transfered is dependent on the table 'dbo.PO_Tabs' being transfered.

::Warning::
Transfer Status: Scripting dependent object drops
The object 'dbo.PO_UpdateDocument' not being transfered is dependent on the table 'dbo.PO_Tabs' being transfered.

::Warning::
Transfer Status: Scripting dependent object drops
The object 'dbo.PO_UpdateEvent' not being transfered is dependent on the table 'dbo.PO_Tabs' being transfered.

::Warning::
Transfer Status: Scripting dependent object drops
The object 'dbo.PO_UpdateHtmlText' not being transfered is dependent on the table 'dbo.PO_Tabs' being transfered.

::Warning::
Transfer Status: Scripting dependent object drops
The object 'dbo.PO_UpdateLink' not being transfered is dependent on the table 'dbo.PO_Tabs' being transfered.

::Warning::
Transfer Status: Scripting dependent object drops
The object 'dbo.PO_UpdateModule' not being transfered is dependent on the table 'dbo.PO_Tabs' being transfered.

::Warning::
Transfer Status: Scripting dependent object drops
The object 'dbo.PO_UpdateModuleOrder' not being transfered is dependent on the table 'dbo.PO_Tabs' being transfered.

::Warning::
Transfer Status: Scripting dependent object drops
The object 'dbo.PO_UpdateModuleSetting' not being transfered is dependent on the table 'dbo.PO_Tabs' being transfered.

::Warning::
Transfer Status: Scripting dependent object drops
The object 'dbo.PO_UpdateTab' not being transfered is dependent on the table 'dbo.PO_Tabs' being transfered.

::Warning::
Transfer Status: Scripting dependent object drops
The object 'dbo.PO_UpdateTabOrder' not being transfered is dependent on the table 'dbo.PO_Tabs' being transfered.

::Warning::
Transfer Status: Scripting dependent object drops
The object 'dbo.PO_GetSingleMessage' not being transfered is dependent on the table 'dbo.PO_Tabs' being transfered.

::Warning::
Transfer Status: Scripting dependent object drops
The object 'dbo.PO_AddUserRole' not being transfered is dependent on the table 'dbo.PO_UserRoles' being transfered.

::Warning::
Transfer Status: Scripting dependent object drops
The object 'dbo.PO_DeleteUserRole' not being transfered is dependent on the table 'dbo.PO_UserRoles' being transfered.

::Warning::
Transfer Status: Scripting dependent object drops
The object 'dbo.PO_GetRoleMembership' not being transfered is dependent on the table 'dbo.PO_UserRoles' being transfered.

::Warning::
Transfer Status: Scripting dependent object drops
The object 'dbo.PO_GetRolesByUser' not being transfered is dependent on the table 'dbo.PO_UserRoles' being transfered.

::Warning::
Transfer Status: Scripting dependent object drops
The object 'dbo.PO_AddUser' not being transfered is dependent on the table 'dbo.PO_Users' being transfered.

::Warning::
Transfer Status: Scripting dependent object drops
The object 'dbo.PO_GetRoleMembership' not being transfered is dependent on the table 'dbo.PO_Users' being transfered.

::Warning::
Transfer Status: Scripting dependent object drops
The object 'dbo.ActivatePlayer' not being transfered is dependent on the table 'dbo.Player' being transfered.

::Warning::
Transfer Status: Scripting dependent object drops
The object 'dbo.CreateCharacter' not being transfered is dependent on the table 'dbo.Player' being transfered.

::Warning::
Transfer Status: Scripting dependent object drops
The object 'dbo.CreateEquipable' not being transfered is dependent on the table 'dbo.Player' being transfered.

::Warning::
Transfer Status: Scripting dependent object drops
The object 'dbo.CreateGroupsTable' not being transfered is dependent on the table 'dbo.Player' being transfered.

::Warning::
Transfer Status: Scripting dependent object drops
The object 'dbo.CreateJunk' not being transfered is dependent on the table 'dbo.Player' being transfered.

::Warning::
Transfer Status: Scripting dependent object drops
The object 'dbo.CreateMirror' not being transfered is dependent on the table 'dbo.Player' being transfered.

::Warning::
Transfer Status: Scripting dependent object drops
The object 'dbo.CreateMobile' not being transfered is dependent on the table 'dbo.Player' being transfered.

::Warning::
Transfer Status: Scripting dependent object drops
The object 'dbo.CreatePlayer' not being transfered is dependent on the table 'dbo.Player' being transfered.

::Warning::
Transfer Status: Scripting dependent object drops
The object 'dbo.CreateReadable' not being transfered is dependent on the table 'dbo.Player' being transfered.

::Warning::
Transfer Status: Scripting dependent object drops
The object 'dbo.CreateTerrain' not being transfered is dependent on the table 'dbo.Player' being transfered.

::Warning::
Transfer Status: Scripting dependent object drops
The object 'dbo.CreateWieldable' not being transfered is dependent on the table 'dbo.Player' being transfered.

::Warning::
Transfer Status: Scripting dependent object drops
The object 'dbo.EnumTerrainInSquare' not being transfered is dependent on the table 'dbo.Player' being transfered.

::Warning::
Transfer Status: Scripting dependent object drops
The object 'dbo.GetTerrain' not being transfered is dependent on the table 'dbo.Player' being transfered.

::Warning::
Transfer Status: Scripting dependent object drops
The object 'dbo.LogonPlayer' not being transfered is dependent on the table 'dbo.Player' being transfered.

::Warning::
Transfer Status: Scripting dependent object drops
The object 'dbo.LowerTerrain' not being transfered is dependent on the table 'dbo.Player' being transfered.

::Warning::
Transfer Status: Scripting dependent object drops
The object 'dbo.PO_AddUserRole' not being transfered is dependent on the table 'dbo.Player' being transfered.

::Warning::
Transfer Status: Scripting dependent object drops
The object 'dbo.PO_DeleteUser' not being transfered is dependent on the table 'dbo.Player' being transfered.

::Warning::
Transfer Status: Scripting dependent object drops
The object 'dbo.PO_DeleteUserRole' not being transfered is dependent on the table 'dbo.Player' being transfered.

::Warning::
Transfer Status: Scripting dependent object drops
The object 'dbo.PO_GetRoleMembership' not being transfered is dependent on the table 'dbo.Player' being transfered.

::Warning::
Transfer Status: Scripting dependent object drops
The object 'dbo.PO_GetRolesByUser' not being transfered is dependent on the table 'dbo.Player' being transfered.

::Warning::
Transfer Status: Scripting dependent object drops
The object 'dbo.PO_GetSingleUser' not being transfered is dependent on the table 'dbo.Player' being transfered.

::Warning::
Transfer Status: Scripting dependent object drops
The object 'dbo.PO_GetUsers' not being transfered is dependent on the table 'dbo.Player' being transfered.

::Warning::
Transfer Status: Scripting dependent object drops
The object 'dbo.PO_UpdateUser' not being transfered is dependent on the table 'dbo.Player' being transfered.

::Warning::
Transfer Status: Scripting dependent object drops
The object 'dbo.PO_UserLogin' not being transfered is dependent on the table 'dbo.Player' being transfered.

::Warning::
Transfer Status: Scripting dependent object drops
The object 'dbo.RaiseTerrain' not being transfered is dependent on the table 'dbo.Player' being transfered.

::Warning::
Transfer Status: Scripting dependent object drops
The object 'dbo.RotateTerrain' not being transfered is dependent on the table 'dbo.Player' being transfered.

::Warning::
Transfer Status: Scripting dependent object drops
The object 'dbo.SelectPlayer' not being transfered is dependent on the table 'dbo.Player' being transfered.

::Warning::
Transfer Status: Scripting dependent object drops
The object 'dbo.SelectPlayerByPlayerKey' not being transfered is dependent on the table 'dbo.Player' being transfered.

::Warning::
Transfer Status: Scripting dependent object drops
The object 'dbo.UpdateTerrain' not being transfered is dependent on the table 'dbo.Player' being transfered.

::Warning::
Transfer Status: Scripting dependent object drops
The object 'dbo.TerrainSquareDetails' not being transfered is dependent on the table 'dbo.Player' being transfered.

::Warning::
Transfer Status: Scripting dependent object drops
The object 'dbo.CreateCharacter' not being transfered is dependent on the table 'dbo.Quote' being transfered.

::Warning::
Transfer Status: Scripting dependent object drops
The object 'dbo.CreateMobile' not being transfered is dependent on the table 'dbo.Quote' being transfered.

::Warning::
Transfer Status: Scripting dependent object drops
The object 'dbo.CreateTerrain' not being transfered is dependent on the table 'dbo.Quote' being transfered.

::Warning::
Transfer Status: Scripting dependent object drops
The object 'dbo.CreateWieldable' not being transfered is dependent on the table 'dbo.Quote' being transfered.

::Warning::
Transfer Status: Scripting dependent object drops
The object 'dbo.EnumTerrainInSquare' not being transfered is dependent on the table 'dbo.Quote' being transfered.

::Warning::
Transfer Status: Scripting dependent object drops
The object 'dbo.GetTerrain' not being transfered is dependent on the table 'dbo.Quote' being transfered.

::Warning::
Transfer Status: Scripting dependent object drops
The object 'dbo.CreateCharacter' not being transfered is dependent on the table 'dbo.Resource' being transfered.

::Warning::
Transfer Status: Scripting dependent object drops
The object 'dbo.CreateEquipable' not being transfered is dependent on the table 'dbo.Resource' being transfered.

::Warning::
Transfer Status: Scripting dependent object drops
The object 'dbo.CreateGroupsTable' not being transfered is dependent on the table 'dbo.Resource' being transfered.

::Warning::
Transfer Status: Scripting dependent object drops
The object 'dbo.CreateJunk' not being transfered is dependent on the table 'dbo.Resource' being transfered.

::Warning::
Transfer Status: Scripting dependent object drops
The object 'dbo.CreateMirror' not being transfered is dependent on the table 'dbo.Resource' being transfered.

::Warning::
Transfer Status: Scripting dependent object drops
The object 'dbo.CreateMobile' not being transfered is dependent on the table 'dbo.Resource' being transfered.

::Warning::
Transfer Status: Scripting dependent object drops
The object 'dbo.CreateReadable' not being transfered is dependent on the table 'dbo.Resource' being transfered.

::Warning::
Transfer Status: Scripting dependent object drops
The object 'dbo.CreateResource' not being transfered is dependent on the table 'dbo.Resource' being transfered.

::Warning::
Transfer Status: Scripting dependent object drops
The object 'dbo.CreateTerrain' not being transfered is dependent on the table 'dbo.Resource' being transfered.

::Warning::
Transfer Status: Scripting dependent object drops
The object 'dbo.CreateWieldable' not being transfered is dependent on the table 'dbo.Resource' being transfered.

::Warning::
Transfer Status: Scripting dependent object drops
The object 'dbo.EnumTerrainInSquare' not being transfered is dependent on the table 'dbo.Resource' being transfered.

::Warning::
Transfer Status: Scripting dependent object drops
The object 'dbo.GetTerrain' not being transfered is dependent on the table 'dbo.Resource' being transfered.

::Warning::
Transfer Status: Scripting dependent object drops
The object 'dbo.LowerTerrain' not being transfered is dependent on the table 'dbo.Resource' being transfered.

::Warning::
Transfer Status: Scripting dependent object drops
The object 'dbo.RaiseTerrain' not being transfered is dependent on the table 'dbo.Resource' being transfered.

::Warning::
Transfer Status: Scripting dependent object drops
The object 'dbo.RotateTerrain' not being transfered is dependent on the table 'dbo.Resource' being transfered.

::Warning::
Transfer Status: Scripting dependent object drops
The object 'dbo.UpdateResource' not being transfered is dependent on the table 'dbo.Resource' being transfered.

::Warning::
Transfer Status: Scripting dependent object drops
The object 'dbo.UpdateTerrain' not being transfered is dependent on the table 'dbo.Resource' being transfered.

::Warning::
Transfer Status: Scripting dependent object drops
The object 'dbo.TerrainSquareDetails' not being transfered is dependent on the table 'dbo.Resource' being transfered.

::Warning::
Transfer Status: Scripting dependent object drops
The object 'dbo.CreateEquipable' not being transfered is dependent on the table 'dbo.TemplateItem' being transfered.

::Warning::
Transfer Status: Scripting dependent object drops
The object 'dbo.CreateJunk' not being transfered is dependent on the table 'dbo.TemplateItem' being transfered.

::Warning::
Transfer Status: Scripting dependent object drops
The object 'dbo.CreateReadable' not being transfered is dependent on the table 'dbo.TemplateItem' being transfered.

::Warning::
Transfer Status: Scripting dependent object drops
The object 'dbo.CreateWieldable' not being transfered is dependent on the table 'dbo.TemplateItem' being transfered.

::Warning::
Transfer Status: Scripting dependent object drops
The object 'dbo.CreateEquipable' not being transfered is dependent on the table 'dbo.TemplateItemEquipable' being transfered.

::Warning::
Transfer Status: Scripting dependent object drops
The object 'dbo.CreateJunk' not being transfered is dependent on the table 'dbo.TemplateItemJunk' being transfered.

::Warning::
Transfer Status: Scripting dependent object drops
The object 'dbo.CreateReadable' not being transfered is dependent on the table 'dbo.TemplateItemReadable' being transfered.

::Warning::
Transfer Status: Scripting dependent object drops
The object 'dbo.CreateWieldable' not being transfered is dependent on the table 'dbo.TemplateItemWieldable' being transfered.

::Warning::
Transfer Status: Scripting dependent object drops
The object 'dbo.CreateCharacter' not being transfered is dependent on the table 'dbo.TemplateMobile' being transfered.

::Warning::
Transfer Status: Scripting dependent object drops
The object 'dbo.CreateMobile' not being transfered is dependent on the table 'dbo.TemplateMobile' being transfered.

::Warning::
Transfer Status: Scripting dependent object drops
The object 'dbo.CreateCharacter' not being transfered is dependent on the table 'dbo.TemplateObject' being transfered.

::Warning::
Transfer Status: Scripting dependent object drops
The object 'dbo.CreateEquipable' not being transfered is dependent on the table 'dbo.TemplateObject' being transfered.

::Warning::
Transfer Status: Scripting dependent object drops
The object 'dbo.CreateGroupsTable' not being transfered is dependent on the table 'dbo.TemplateObject' being transfered.

::Warning::
Transfer Status: Scripting dependent object drops
The object 'dbo.CreateJunk' not being transfered is dependent on the table 'dbo.TemplateObject' being transfered.

::Warning::
Transfer Status: Scripting dependent object drops
The object 'dbo.CreateMirror' not being transfered is dependent on the table 'dbo.TemplateObject' being transfered.

::Warning::
Transfer Status: Scripting dependent object drops
The object 'dbo.CreateMobile' not being transfered is dependent on the table 'dbo.TemplateObject' being transfered.

::Warning::
Transfer Status: Scripting dependent object drops
The object 'dbo.CreateReadable' not being transfered is dependent on the table 'dbo.TemplateObject' being transfered.

::Warning::
Transfer Status: Scripting dependent object drops
The object 'dbo.CreateTerrain' not being transfered is dependent on the table 'dbo.TemplateObject' being transfered.

::Warning::
Transfer Status: Scripting dependent object drops
The object 'dbo.CreateWieldable' not being transfered is dependent on the table 'dbo.TemplateObject' being transfered.

::Warning::
Transfer Status: Scripting dependent object drops
The object 'dbo.EnumTerrainInSquare' not being transfered is dependent on the table 'dbo.TemplateObject' being transfered.

::Warning::
Transfer Status: Scripting dependent object drops
The object 'dbo.GetTerrain' not being transfered is dependent on the table 'dbo.TemplateObject' being transfered.

::Warning::
Transfer Status: Scripting dependent object drops
The object 'dbo.LowerTerrain' not being transfered is dependent on the table 'dbo.TemplateObject' being transfered.

::Warning::
Transfer Status: Scripting dependent object drops
The object 'dbo.RaiseTerrain' not being transfered is dependent on the table 'dbo.TemplateObject' being transfered.

::Warning::
Transfer Status: Scripting dependent object drops
The object 'dbo.RotateTerrain' not being transfered is dependent on the table 'dbo.TemplateObject' being transfered.

::Warning::
Transfer Status: Scripting dependent object drops
The object 'dbo.UpdateTerrain' not being transfered is dependent on the table 'dbo.TemplateObject' being transfered.

::Warning::
Transfer Status: Scripting dependent object drops
The object 'dbo.TerrainSquareDetails' not being transfered is dependent on the table 'dbo.TemplateObject' being transfered.

::Warning::
Transfer Status: Scripting dependent object drops
The object 'dbo.CreateTerrain' not being transfered is dependent on the table 'dbo.TemplateTerrain' being transfered.

::Warning::
Transfer Status: Scripting dependent object drops
The object 'dbo.EnumTerrainInSquare' not being transfered is dependent on the table 'dbo.TemplateTerrain' being transfered.

::Warning::
Transfer Status: Scripting dependent object drops
The object 'dbo.GetTerrain' not being transfered is dependent on the table 'dbo.TemplateTerrain' being transfered.

::Warning::
Transfer Status: Scripting dependent object drops
The object 'dbo.CreateTerrain' not being transfered is dependent on the table 'dbo.World' being transfered.

::Warning::
Transfer Status: Scripting dependent object drops
The object 'dbo.EnumTerrainInSquare' not being transfered is dependent on the table 'dbo.World' being transfered.

::Warning::
Transfer Status: Scripting dependent object drops
The object 'dbo.GetTerrain' not being transfered is dependent on the table 'dbo.World' being transfered. 